#
# There is insufficient memory for the Java Runtime Environment to continue.
# Native memory allocation (malloc) failed to allocate 948496 bytes for Chunk::new
# Possible reasons:
#   The system is out of physical RAM or swap space
#   In 32 bit mode, the process size limit was hit
# Possible solutions:
#   Reduce memory load on the system
#   Increase physical memory or swap space
#   Check if swap backing store is full
#   Use 64 bit Java on a 64 bit OS
#   Decrease Java heap size (-Xmx/-Xms)
#   Decrease number of Java threads
#   Decrease Java thread stack sizes (-Xss)
#   Set larger code cache with -XX:ReservedCodeCacheSize=
# This output file may be truncated or incomplete.
#
#  Out of Memory Error (allocation.cpp:390), pid=7180, tid=15996
#
# JRE version: Java(TM) SE Runtime Environment (8.0_73-b02) (build 1.8.0_73-b02)
# Java VM: Java HotSpot(TM) 64-Bit Server VM (25.73-b02 mixed mode windows-amd64 compressed oops)
# Failed to write core dump. Minidumps are not enabled by default on client versions of Windows
#

---------------  T H R E A D  ---------------

Current thread (0x0000000016022800):  JavaThread "C2 CompilerThread1" daemon [_thread_in_native, id=15996, stack(0x0000000016420000,0x0000000016520000)]

Stack: [0x0000000016420000,0x0000000016520000]
[error occurred during error reporting (printing stack bounds), id 0xc0000005]

Native frames: (J=compiled Java code, j=interpreted, Vv=VM code, C=native code)


Current CompileTask:
C2: 223887 3531   !   4       com.sun.org.apache.xerces.internal.impl.XMLDocumentFragmentScannerImpl$FragmentContentDriver::next (2323 bytes)


---------------  P R O C E S S  ---------------

Java Threads: ( => current thread )
  0x0000000016b31000 JavaThread "Exec Stream Pumper" daemon [_thread_in_native, id=17076, stack(0x000000001b2f0000,0x000000001b3f0000)]
  0x0000000016b2b800 JavaThread "Exec Stream Pumper" daemon [_thread_in_native, id=5456, stack(0x000000001b1f0000,0x000000001b2f0000)]
  0x0000000016b29800 JavaThread "Exec Default Executor" daemon [_thread_in_native, id=15400, stack(0x000000001b0f0000,0x000000001b1f0000)]
  0x0000000016b30000 JavaThread "Exec Stream Pumper" daemon [_thread_in_native, id=7468, stack(0x000000001acf0000,0x000000001adf0000)]
  0x0000000016b28800 JavaThread "Exec Stream Pumper" daemon [_thread_in_native, id=16208, stack(0x000000001abf0000,0x000000001acf0000)]
  0x0000000016b2e000 JavaThread "Exec Default Executor" daemon [_thread_in_native, id=11980, stack(0x000000001aaf0000,0x000000001abf0000)]
  0x0000000016b2f800 JavaThread "Exec Stream Pumper" daemon [_thread_in_native, id=20472, stack(0x000000001a6f0000,0x000000001a7f0000)]
  0x0000000016b2d000 JavaThread "Exec Stream Pumper" daemon [_thread_in_native, id=19872, stack(0x000000001a5f0000,0x000000001a6f0000)]
  0x0000000016b2c800 JavaThread "Exec Default Executor" daemon [_thread_in_native, id=19400, stack(0x000000001a4f0000,0x000000001a5f0000)]
  0x0000000016030800 JavaThread "Exec Stream Pumper" daemon [_thread_in_native, id=11836, stack(0x000000001a0f0000,0x000000001a1f0000)]
  0x0000000016033800 JavaThread "Exec Stream Pumper" daemon [_thread_in_native, id=12044, stack(0x0000000019ff0000,0x000000001a0f0000)]
  0x0000000016037800 JavaThread "Exec Default Executor" daemon [_thread_in_native, id=16976, stack(0x0000000019ef0000,0x0000000019ff0000)]
  0x0000000016033000 JavaThread "Exec Stream Pumper" daemon [_thread_in_native, id=18888, stack(0x0000000019bf0000,0x0000000019cf0000)]
  0x0000000016036000 JavaThread "Exec Stream Pumper" daemon [_thread_in_native, id=18896, stack(0x0000000019af0000,0x0000000019bf0000)]
  0x0000000016036800 JavaThread "Exec Default Executor" daemon [_thread_in_native, id=18884, stack(0x00000000199f0000,0x0000000019af0000)]
  0x0000000016ede000 JavaThread "Exec Stream Pumper" daemon [_thread_in_native, id=17460, stack(0x00000000193f0000,0x00000000194f0000)]
  0x0000000016edd000 JavaThread "Exec Stream Pumper" daemon [_thread_in_native, id=10756, stack(0x00000000192f0000,0x00000000193f0000)]
  0x0000000016352000 JavaThread "Exec Default Executor" daemon [_thread_in_native, id=16944, stack(0x00000000191f0000,0x00000000192f0000)]
  0x0000000017a16800 JavaThread "Okio Watchdog" daemon [_thread_blocked, id=7588, stack(0x0000000018ef0000,0x0000000018ff0000)]
  0x000000001795e000 JavaThread "OkHttp ConnectionPool" daemon [_thread_blocked, id=4592, stack(0x0000000018df0000,0x0000000018ef0000)]
  0x0000000016c52800 JavaThread "Exec Stream Pumper" daemon [_thread_in_native, id=4728, stack(0x0000000017820000,0x0000000017920000)]
  0x0000000016c51800 JavaThread "Exec Stream Pumper" daemon [_thread_in_native, id=20112, stack(0x0000000017720000,0x0000000017820000)]
  0x00000000171ce800 JavaThread "Exec Default Executor" daemon [_thread_in_native, id=10816, stack(0x0000000017620000,0x0000000017720000)]
  0x0000000016368800 JavaThread "ReaderThread" [_thread_in_native, id=5376, stack(0x0000000016920000,0x0000000016a20000)]
  0x00000000160ae000 JavaThread "Service Thread" daemon [_thread_blocked, id=2684, stack(0x0000000016620000,0x0000000016720000)]
  0x0000000016032000 JavaThread "C1 CompilerThread2" daemon [_thread_in_native, id=11732, stack(0x0000000016520000,0x0000000016620000)]
=>0x0000000016022800 JavaThread "C2 CompilerThread1" daemon [_thread_in_native, id=15996, stack(0x0000000016420000,0x0000000016520000)]
  0x0000000014a1d000 JavaThread "C2 CompilerThread0" daemon [_thread_blocked, id=17672, stack(0x0000000015f20000,0x0000000016020000)]
  0x0000000014a1a000 JavaThread "Attach Listener" daemon [_thread_blocked, id=17504, stack(0x0000000015e20000,0x0000000015f20000)]
  0x0000000014a19800 JavaThread "Signal Dispatcher" daemon [_thread_blocked, id=15428, stack(0x0000000015d20000,0x0000000015e20000)]
  0x0000000002817800 JavaThread "Finalizer" daemon [_thread_blocked, id=17916, stack(0x0000000015c20000,0x0000000015d20000)]
  0x000000000280e000 JavaThread "Reference Handler" daemon [_thread_blocked, id=6972, stack(0x0000000015b20000,0x0000000015c20000)]
  0x000000000062e000 JavaThread "Forwarding getElementAttribute on session 37f4d823-1d1c-4761-80f6-0bb81ee7d818 to remote" [_thread_in_native, id=2060, stack(0x0000000002270000,0x0000000002370000)]

Other Threads:
  0x0000000014987000 VMThread [stack: 0x0000000015a20000,0x0000000015b20000] [id=17744]
  0x00000000160fe800 WatcherThread [stack: 0x0000000016720000,0x0000000016820000] [id=6856]

VM state:not at safepoint (normal execution)

VM Mutex/Monitor currently owned by a thread: None

Heap:
 PSYoungGen      total 20992K, used 11676K [0x00000000eda00000, 0x00000000ef580000, 0x0000000100000000)
  eden space 13824K, 80% used [0x00000000eda00000,0x00000000ee4e2f10,0x00000000ee780000)
  from space 7168K, 7% used [0x00000000ee780000,0x00000000ee8041e8,0x00000000eee80000)
  to   space 7168K, 0% used [0x00000000eee80000,0x00000000eee80000,0x00000000ef580000)
 ParOldGen       total 29184K, used 11514K [0x00000000c8e00000, 0x00000000caa80000, 0x00000000eda00000)
  object space 29184K, 39% used [0x00000000c8e00000,0x00000000c993e8e8,0x00000000caa80000)
 Metaspace       used 23292K, capacity 24164K, committed 24448K, reserved 1071104K
  class space    used 2853K, capacity 3084K, committed 3200K, reserved 1048576K

Card table byte_map: [0x0000000011be0000,0x0000000011da0000] byte_map_base: 0x0000000011599000

Marking Bits: (ParMarkBitMap*) 0x000000005e2c0600
 Begin Bits: [0x00000000122d0000, 0x0000000013098000)
 End Bits:   [0x0000000013098000, 0x0000000013e60000)

Polling page: 0x0000000000610000

CodeCache: size=245760Kb used=10246Kb max_used=10257Kb free=235513Kb
 bounds [0x0000000002820000, 0x0000000003230000, 0x0000000011820000]
 total_blobs=3763 nmethods=3324 adapters=351
 compilation: enabled

Compilation events (10 events):
Event: 222.343 Thread 0x0000000016032000 nmethod 3545 0x0000000003225810 code [0x00000000032259e0, 0x0000000003226188]
Event: 222.343 Thread 0x0000000016032000 3546       3       com.sun.org.apache.xerces.internal.impl.XMLScanner::<init> (158 bytes)
Event: 222.344 Thread 0x0000000016032000 nmethod 3546 0x0000000003226550 code [0x00000000032267a0, 0x00000000032277b0]
Event: 222.353 Thread 0x0000000016032000 3547       3       org.testng.internal.reflect.ReflectionRecipes::isOrExtends (37 bytes)
Event: 222.354 Thread 0x0000000016032000 nmethod 3547 0x0000000003220c90 code [0x0000000003220e20, 0x0000000003221328]
Event: 222.358 Thread 0x0000000016032000 3548       3       org.openqa.selenium.remote.http.AbstractHttpCommandCodec::encode (6 bytes)
Event: 222.358 Thread 0x0000000016032000 nmethod 3548 0x0000000003220810 code [0x0000000003220980, 0x0000000003220b88]
Event: 222.358 Thread 0x0000000016032000 3549       3       org.openqa.selenium.remote.http.AbstractHttpCommandCodec::encode (178 bytes)
Event: 222.361 Thread 0x0000000016032000 nmethod 3549 0x0000000003227fd0 code [0x0000000003228420, 0x000000000322a598]
Event: 222.361 Thread 0x0000000016032000 3550       3       org.openqa.selenium.remote.http.W3CHttpCommandCodec::amendParameters (2383 bytes)

GC Heap History (10 events):
Event: 202.827 GC heap before
{Heap before GC invocations=10 (full 1):
 PSYoungGen      total 20480K, used 15210K [0x00000000eda00000, 0x00000000ef480000, 0x0000000100000000)
  eden space 13824K, 100% used [0x00000000eda00000,0x00000000ee780000,0x00000000ee780000)
  from space 6656K, 20% used [0x00000000eee00000,0x00000000eef5a960,0x00000000ef480000)
  to   space 6656K, 0% used [0x00000000ee780000,0x00000000ee780000,0x00000000eee00000)
 ParOldGen       total 29184K, used 10496K [0x00000000c8e00000, 0x00000000caa80000, 0x00000000eda00000)
  object space 29184K, 35% used [0x00000000c8e00000,0x00000000c9840068,0x00000000caa80000)
 Metaspace       used 22680K, capacity 23486K, committed 23808K, reserved 1071104K
  class space    used 2823K, capacity 3025K, committed 3072K, reserved 1048576K
Event: 202.832 GC heap after
Heap after GC invocations=10 (full 1):
 PSYoungGen      total 20480K, used 1242K [0x00000000eda00000, 0x00000000ef580000, 0x0000000100000000)
  eden space 13824K, 0% used [0x00000000eda00000,0x00000000eda00000,0x00000000ee780000)
  from space 6656K, 18% used [0x00000000ee780000,0x00000000ee8b6950,0x00000000eee00000)
  to   space 7168K, 0% used [0x00000000eee80000,0x00000000eee80000,0x00000000ef580000)
 ParOldGen       total 29184K, used 10504K [0x00000000c8e00000, 0x00000000caa80000, 0x00000000eda00000)
  object space 29184K, 35% used [0x00000000c8e00000,0x00000000c9842068,0x00000000caa80000)
 Metaspace       used 22680K, capacity 23486K, committed 23808K, reserved 1071104K
  class space    used 2823K, capacity 3025K, committed 3072K, reserved 1048576K
}
Event: 204.180 GC heap before
{Heap before GC invocations=11 (full 1):
 PSYoungGen      total 20480K, used 15066K [0x00000000eda00000, 0x00000000ef580000, 0x0000000100000000)
  eden space 13824K, 100% used [0x00000000eda00000,0x00000000ee780000,0x00000000ee780000)
  from space 6656K, 18% used [0x00000000ee780000,0x00000000ee8b6950,0x00000000eee00000)
  to   space 7168K, 0% used [0x00000000eee80000,0x00000000eee80000,0x00000000ef580000)
 ParOldGen       total 29184K, used 10504K [0x00000000c8e00000, 0x00000000caa80000, 0x00000000eda00000)
  object space 29184K, 35% used [0x00000000c8e00000,0x00000000c9842068,0x00000000caa80000)
 Metaspace       used 22703K, capacity 23486K, committed 23808K, reserved 1071104K
  class space    used 2823K, capacity 3025K, committed 3072K, reserved 1048576K
Event: 204.190 GC heap after
Heap after GC invocations=11 (full 1):
 PSYoungGen      total 20992K, used 536K [0x00000000eda00000, 0x00000000ef580000, 0x0000000100000000)
  eden space 13824K, 0% used [0x00000000eda00000,0x00000000eda00000,0x00000000ee780000)
  from space 7168K, 7% used [0x00000000eee80000,0x00000000eef06130,0x00000000ef580000)
  to   space 7168K, 0% used [0x00000000ee780000,0x00000000ee780000,0x00000000eee80000)
 ParOldGen       total 29184K, used 11418K [0x00000000c8e00000, 0x00000000caa80000, 0x00000000eda00000)
  object space 29184K, 39% used [0x00000000c8e00000,0x00000000c99268d8,0x00000000caa80000)
 Metaspace       used 22703K, capacity 23486K, committed 23808K, reserved 1071104K
  class space    used 2823K, capacity 3025K, committed 3072K, reserved 1048576K
}
Event: 212.431 GC heap before
{Heap before GC invocations=12 (full 1):
 PSYoungGen      total 20992K, used 14360K [0x00000000eda00000, 0x00000000ef580000, 0x0000000100000000)
  eden space 13824K, 100% used [0x00000000eda00000,0x00000000ee780000,0x00000000ee780000)
  from space 7168K, 7% used [0x00000000eee80000,0x00000000eef06130,0x00000000ef580000)
  to   space 7168K, 0% used [0x00000000ee780000,0x00000000ee780000,0x00000000eee80000)
 ParOldGen       total 29184K, used 11418K [0x00000000c8e00000, 0x00000000caa80000, 0x00000000eda00000)
  object space 29184K, 39% used [0x00000000c8e00000,0x00000000c99268d8,0x00000000caa80000)
 Metaspace       used 22958K, capacity 23712K, committed 24064K, reserved 1071104K
  class space    used 2834K, capacity 3030K, committed 3072K, reserved 1048576K
Event: 212.440 GC heap after
Heap after GC invocations=12 (full 1):
 PSYoungGen      total 20992K, used 256K [0x00000000eda00000, 0x00000000ef580000, 0x0000000100000000)
  eden space 13824K, 0% used [0x00000000eda00000,0x00000000eda00000,0x00000000ee780000)
  from space 7168K, 3% used [0x00000000ee780000,0x00000000ee7c0000,0x00000000eee80000)
  to   space 7168K, 0% used [0x00000000eee80000,0x00000000eee80000,0x00000000ef580000)
 ParOldGen       total 29184K, used 11442K [0x00000000c8e00000, 0x00000000caa80000, 0x00000000eda00000)
  object space 29184K, 39% used [0x00000000c8e00000,0x00000000c992c8e8,0x00000000caa80000)
 Metaspace       used 22958K, capacity 23712K, committed 24064K, reserved 1071104K
  class space    used 2834K, capacity 3030K, committed 3072K, reserved 1048576K
}
Event: 216.050 GC heap before
{Heap before GC invocations=13 (full 1):
 PSYoungGen      total 20992K, used 14080K [0x00000000eda00000, 0x00000000ef580000, 0x0000000100000000)
  eden space 13824K, 100% used [0x00000000eda00000,0x00000000ee780000,0x00000000ee780000)
  from space 7168K, 3% used [0x00000000ee780000,0x00000000ee7c0000,0x00000000eee80000)
  to   space 7168K, 0% used [0x00000000eee80000,0x00000000eee80000,0x00000000ef580000)
 ParOldGen       total 29184K, used 11442K [0x00000000c8e00000, 0x00000000caa80000, 0x00000000eda00000)
  object space 29184K, 39% used [0x00000000c8e00000,0x00000000c992c8e8,0x00000000caa80000)
 Metaspace       used 23054K, capacity 23848K, committed 24064K, reserved 1071104K
  class space    used 2836K, capacity 3030K, committed 3072K, reserved 1048576K
Event: 216.052 GC heap after
Heap after GC invocations=13 (full 1):
 PSYoungGen      total 20992K, used 192K [0x00000000eda00000, 0x00000000ef580000, 0x0000000100000000)
  eden space 13824K, 0% used [0x00000000eda00000,0x00000000eda00000,0x00000000ee780000)
  from space 7168K, 2% used [0x00000000eee80000,0x00000000eeeb0000,0x00000000ef580000)
  to   space 7168K, 0% used [0x00000000ee780000,0x00000000ee780000,0x00000000eee80000)
 ParOldGen       total 29184K, used 11482K [0x00000000c8e00000, 0x00000000caa80000, 0x00000000eda00000)
  object space 29184K, 39% used [0x00000000c8e00000,0x00000000c99368e8,0x00000000caa80000)
 Metaspace       used 23054K, capacity 23848K, committed 24064K, reserved 1071104K
  class space    used 2836K, capacity 3030K, committed 3072K, reserved 1048576K
}
Event: 220.586 GC heap before
{Heap before GC invocations=14 (full 1):
 PSYoungGen      total 20992K, used 14016K [0x00000000eda00000, 0x00000000ef580000, 0x0000000100000000)
  eden space 13824K, 100% used [0x00000000eda00000,0x00000000ee780000,0x00000000ee780000)
  from space 7168K, 2% used [0x00000000eee80000,0x00000000eeeb0000,0x00000000ef580000)
  to   space 7168K, 0% used [0x00000000ee780000,0x00000000ee780000,0x00000000eee80000)
 ParOldGen       total 29184K, used 11482K [0x00000000c8e00000, 0x00000000caa80000, 0x00000000eda00000)
  object space 29184K, 39% used [0x00000000c8e00000,0x00000000c99368e8,0x00000000caa80000)
 Metaspace       used 23079K, capacity 23854K, committed 24064K, reserved 1071104K
  class space    used 2836K, capacity 3031K, committed 3072K, reserved 1048576K
Event: 220.587 GC heap after
Heap after GC invocations=14 (full 1):
 PSYoungGen      total 20992K, used 528K [0x00000000eda00000, 0x00000000ef580000, 0x0000000100000000)
  eden space 13824K, 0% used [0x00000000eda00000,0x00000000eda00000,0x00000000ee780000)
  from space 7168K, 7% used [0x00000000ee780000,0x00000000ee8041e8,0x00000000eee80000)
  to   space 7168K, 0% used [0x00000000eee80000,0x00000000eee80000,0x00000000ef580000)
 ParOldGen       total 29184K, used 11514K [0x00000000c8e00000, 0x00000000caa80000, 0x00000000eda00000)
  object space 29184K, 39% used [0x00000000c8e00000,0x00000000c993e8e8,0x00000000caa80000)
 Metaspace       used 23079K, capacity 23854K, committed 24064K, reserved 1071104K
  class space    used 2836K, capacity 3031K, committed 3072K, reserved 1048576K
}

Deoptimization events (10 events):
Event: 186.539 Thread 0x000000000062e000 Uncommon trap: reason=class_check action=maybe_recompile pc=0x0000000002eb6650 method=java.io.FilterInputStream.read([BII)I @ 7
Event: 186.540 Thread 0x000000000062e000 Uncommon trap: reason=class_check action=maybe_recompile pc=0x0000000002eb6650 method=java.io.FilterInputStream.read([BII)I @ 7
Event: 186.541 Thread 0x000000000062e000 Uncommon trap: reason=class_check action=maybe_recompile pc=0x0000000002eb6650 method=java.io.FilterInputStream.read([BII)I @ 7
Event: 186.541 Thread 0x000000000062e000 Uncommon trap: reason=class_check action=maybe_recompile pc=0x0000000002eb6650 method=java.io.FilterInputStream.read([BII)I @ 7
Event: 186.557 Thread 0x000000000062e000 Uncommon trap: reason=class_check action=maybe_recompile pc=0x0000000002e75504 method=java.io.FilterInputStream.read()I @ 4
Event: 186.557 Thread 0x000000000062e000 Uncommon trap: reason=class_check action=maybe_recompile pc=0x0000000002e75504 method=java.io.FilterInputStream.read()I @ 4
Event: 186.557 Thread 0x000000000062e000 Uncommon trap: reason=class_check action=maybe_recompile pc=0x0000000002e75504 method=java.io.FilterInputStream.read()I @ 4
Event: 186.557 Thread 0x000000000062e000 Uncommon trap: reason=class_check action=maybe_recompile pc=0x0000000002e75504 method=java.io.FilterInputStream.read()I @ 4
Event: 186.676 Thread 0x000000000062e000 Uncommon trap: reason=unstable_if action=reinterpret pc=0x0000000002f4b94c method=org.apache.xmlbeans.impl.store.Xobj.isNormal(I)Z @ 39
Event: 186.676 Thread 0x000000000062e000 Uncommon trap: reason=unstable_if action=reinterpret pc=0x0000000002f9bed0 method=org.apache.xmlbeans.impl.store.Xobj.isNormal(I)Z @ 39

Internal exceptions (10 events):
Event: 220.626 Thread 0x000000000062e000 Exception <a 'java/net/SocketTimeoutException': Read timed out> (0x00000000edccdbb8) thrown at [D:\re\puppet\workspace\8-2-build-windows-amd64-cygwin\jdk8u73\6086\hotspot\src\share\vm\prims\jni.cpp, line 735]
Event: 220.641 Thread 0x000000000062e000 Exception <a 'java/net/SocketTimeoutException': Read timed out> (0x00000000edd8f1a8) thrown at [D:\re\puppet\workspace\8-2-build-windows-amd64-cygwin\jdk8u73\6086\hotspot\src\share\vm\prims\jni.cpp, line 735]
Event: 220.657 Thread 0x000000000062e000 Exception <a 'java/net/SocketTimeoutException': Read timed out> (0x00000000ede43c48) thrown at [D:\re\puppet\workspace\8-2-build-windows-amd64-cygwin\jdk8u73\6086\hotspot\src\share\vm\prims\jni.cpp, line 735]
Event: 220.704 Thread 0x000000000062e000 Exception <a 'java/net/SocketTimeoutException': Read timed out> (0x00000000edef96c0) thrown at [D:\re\puppet\workspace\8-2-build-windows-amd64-cygwin\jdk8u73\6086\hotspot\src\share\vm\prims\jni.cpp, line 735]
Event: 220.719 Thread 0x000000000062e000 Exception <a 'java/net/SocketTimeoutException': Read timed out> (0x00000000edfae930) thrown at [D:\re\puppet\workspace\8-2-build-windows-amd64-cygwin\jdk8u73\6086\hotspot\src\share\vm\prims\jni.cpp, line 735]
Event: 220.751 Thread 0x000000000062e000 Exception <a 'java/net/SocketTimeoutException': Read timed out> (0x00000000ee0624f8) thrown at [D:\re\puppet\workspace\8-2-build-windows-amd64-cygwin\jdk8u73\6086\hotspot\src\share\vm\prims\jni.cpp, line 735]
Event: 222.261 Thread 0x000000000062e000 Exception <a 'java/lang/reflect/InvocationTargetException'> (0x00000000ee06a570) thrown at [D:\re\puppet\workspace\8-2-build-windows-amd64-cygwin\jdk8u73\6086\hotspot\src\share\vm\runtime\reflection.cpp, line 1092]
Event: 222.375 Thread 0x000000000062e000 Exception <a 'java/net/SocketTimeoutException': Read timed out> (0x00000000ee2aa940) thrown at [D:\re\puppet\workspace\8-2-build-windows-amd64-cygwin\jdk8u73\6086\hotspot\src\share\vm\prims\jni.cpp, line 735]
Event: 222.391 Thread 0x000000000062e000 Exception <a 'java/net/SocketTimeoutException': Read timed out> (0x00000000ee36cc50) thrown at [D:\re\puppet\workspace\8-2-build-windows-amd64-cygwin\jdk8u73\6086\hotspot\src\share\vm\prims\jni.cpp, line 735]
Event: 222.407 Thread 0x000000000062e000 Exception <a 'java/net/SocketTimeoutException': Read timed out> (0x00000000ee380ad0) thrown at [D:\re\puppet\workspace\8-2-build-windows-amd64-cygwin\jdk8u73\6086\hotspot\src\share\vm\prims\jni.cpp, line 735]

Events (10 events):
Event: 222.342 loading class org/apache/xerces/util/SecurityManager done
Event: 222.349 loading class org/apache/xerces/util/SecurityManager
Event: 222.349 loading class org/apache/xerces/util/SecurityManager done
Event: 222.427 loading class org/openqa/selenium/remote/ErrorCodes$KnownError
Event: 222.427 loading class org/openqa/selenium/remote/ErrorCodes$KnownError done
Event: 222.427 loading class org/openqa/selenium/remote/ErrorCodes$KnownError
Event: 222.427 loading class org/openqa/selenium/remote/ErrorCodes$KnownError done
Event: 222.428 loading class org/openqa/selenium/remote/ErrorCodes$KnownError
Event: 222.428 loading class org/openqa/selenium/remote/ErrorCodes$KnownError done
Event: 222.428 loading class java/util/function/ToIntFunction


Dynamic libraries:
0x00007ff6d18a0000 - 0x00007ff6d18d7000 	D:\JAVA\bin\javaw.exe
0x00007fff4c0d0000 - 0x00007fff4c2b1000 	C:\WINDOWS\SYSTEM32\ntdll.dll
0x00007fff4acb0000 - 0x00007fff4ad61000 	C:\WINDOWS\System32\KERNEL32.DLL
0x00007fff48540000 - 0x00007fff487b3000 	C:\WINDOWS\System32\KERNELBASE.dll
0x00007fff4bc40000 - 0x00007fff4bce1000 	C:\WINDOWS\System32\ADVAPI32.dll
0x00007fff4b930000 - 0x00007fff4b9ce000 	C:\WINDOWS\System32\msvcrt.dll
0x00007fff4b610000 - 0x00007fff4b66b000 	C:\WINDOWS\System32\sechost.dll
0x00007fff49550000 - 0x00007fff49674000 	C:\WINDOWS\System32\RPCRT4.dll
0x00007fff4b6a0000 - 0x00007fff4b831000 	C:\WINDOWS\System32\USER32.dll
0x00007fff48480000 - 0x00007fff484a0000 	C:\WINDOWS\System32\win32u.dll
0x00007fff4b670000 - 0x00007fff4b698000 	C:\WINDOWS\System32\GDI32.dll
0x00007fff48c10000 - 0x00007fff48da1000 	C:\WINDOWS\System32\gdi32full.dll
0x00007fff484a0000 - 0x00007fff4853f000 	C:\WINDOWS\System32\msvcp_win.dll
0x00007fff48a00000 - 0x00007fff48af8000 	C:\WINDOWS\System32\ucrtbase.dll
0x00007fff35e60000 - 0x00007fff360c9000 	C:\WINDOWS\WinSxS\amd64_microsoft.windows.common-controls_6595b64144ccf1df_6.0.17134.1098_none_d4048e017c8c2390\COMCTL32.dll
0x00007fff4bcf0000 - 0x00007fff4c011000 	C:\WINDOWS\System32\combase.dll
0x00007fff494c0000 - 0x00007fff49539000 	C:\WINDOWS\System32\bcryptPrimitives.dll
0x00007fff4b850000 - 0x00007fff4b87d000 	C:\WINDOWS\System32\IMM32.DLL
0x000000005d570000 - 0x000000005d642000 	D:\JAVA\bin\msvcr100.dll
0x000000005dab0000 - 0x000000005e340000 	D:\JAVA\bin\server\jvm.dll
0x00007fff4ac40000 - 0x00007fff4ac48000 	C:\WINDOWS\System32\PSAPI.DLL
0x00007fff35dd0000 - 0x00007fff35dda000 	C:\WINDOWS\SYSTEM32\VERSION.dll
0x00007fff44e00000 - 0x00007fff44e23000 	C:\WINDOWS\SYSTEM32\WINMM.dll
0x00007fff2e980000 - 0x00007fff2e989000 	C:\WINDOWS\SYSTEM32\WSOCK32.dll
0x00007fff4b9d0000 - 0x00007fff4ba3c000 	C:\WINDOWS\System32\WS2_32.dll
0x00007fff44dd0000 - 0x00007fff44dfa000 	C:\WINDOWS\SYSTEM32\winmmbase.dll
0x00007fff489b0000 - 0x00007fff489f9000 	C:\WINDOWS\System32\cfgmgr32.dll
0x000000005daa0000 - 0x000000005daaf000 	D:\JAVA\bin\verify.dll
0x000000005da70000 - 0x000000005da99000 	D:\JAVA\bin\java.dll
0x000000005da50000 - 0x000000005da66000 	D:\JAVA\bin\zip.dll
0x00007fff49680000 - 0x00007fff4aac5000 	C:\WINDOWS\System32\SHELL32.dll
0x00007fff4b880000 - 0x00007fff4b929000 	C:\WINDOWS\System32\shcore.dll
0x00007fff48db0000 - 0x00007fff494c0000 	C:\WINDOWS\System32\windows.storage.dll
0x00007fff4bbe0000 - 0x00007fff4bc31000 	C:\WINDOWS\System32\shlwapi.dll
0x00007fff483f0000 - 0x00007fff48401000 	C:\WINDOWS\System32\kernel.appcore.dll
0x00007fff48460000 - 0x00007fff4847f000 	C:\WINDOWS\System32\profapi.dll
0x00007fff48410000 - 0x00007fff4845c000 	C:\WINDOWS\System32\powrprof.dll
0x00007fff483c0000 - 0x00007fff483ca000 	C:\WINDOWS\System32\FLTLIB.DLL
0x000000005da30000 - 0x000000005da4a000 	D:\JAVA\bin\net.dll
0x00007fff47c20000 - 0x00007fff47c86000 	C:\WINDOWS\system32\mswsock.dll
0x00007fff479b0000 - 0x00007fff47a6e000 	C:\WINDOWS\SYSTEM32\DNSAPI.dll
0x00007fff4b840000 - 0x00007fff4b848000 	C:\WINDOWS\System32\NSI.dll
0x00007fff47970000 - 0x00007fff479a8000 	C:\WINDOWS\SYSTEM32\IPHLPAPI.DLL
0x00007fff3b3a0000 - 0x00007fff3b3aa000 	C:\Windows\System32\rasadhlp.dll
0x00007fff3bbd0000 - 0x00007fff3bc42000 	C:\WINDOWS\System32\fwpuclnt.dll
0x00007fff47f00000 - 0x00007fff47f25000 	C:\WINDOWS\SYSTEM32\bcrypt.dll
0x00007fff47dd0000 - 0x00007fff47de7000 	C:\WINDOWS\SYSTEM32\CRYPTSP.dll
0x00007fff477d0000 - 0x00007fff47803000 	C:\WINDOWS\system32\rsaenh.dll
0x00007fff482f0000 - 0x00007fff48318000 	C:\WINDOWS\SYSTEM32\USERENV.dll
0x00007fff47df0000 - 0x00007fff47dfb000 	C:\WINDOWS\SYSTEM32\CRYPTBASE.dll
0x00007fff3f0b0000 - 0x00007fff3f0c6000 	C:\WINDOWS\SYSTEM32\dhcpcsvc6.DLL
0x00007fff3f090000 - 0x00007fff3f0aa000 	C:\WINDOWS\SYSTEM32\dhcpcsvc.DLL
0x000000005da10000 - 0x000000005da21000 	D:\JAVA\bin\nio.dll
0x000000005d9e0000 - 0x000000005da04000 	D:\JAVA\bin\sunec.dll
0x000000005d560000 - 0x000000005d56b000 	D:\JAVA\bin\sunmscapi.dll
0x00007fff487c0000 - 0x00007fff489a2000 	C:\WINDOWS\System32\CRYPT32.dll
0x00007fff483d0000 - 0x00007fff483e2000 	C:\WINDOWS\System32\MSASN1.dll
0x00007fff24110000 - 0x00007fff24126000 	C:\WINDOWS\system32\napinsp.dll
0x00007fff1a870000 - 0x00007fff1a88a000 	C:\WINDOWS\system32\pnrpnsp.dll
0x00007fff44980000 - 0x00007fff44999000 	C:\WINDOWS\system32\NLAapi.dll
0x00007fff2e2d0000 - 0x00007fff2e2de000 	C:\WINDOWS\System32\winrnr.dll
0x00007fff42870000 - 0x00007fff42885000 	C:\WINDOWS\System32\wshbth.dll

VM Arguments:
jvm_args: -ea -Dfile.encoding=GBK 
java_command: org.testng.remote.RemoteTestNG -serport 5624 -protocol json -d D:\JAVA\eclipse\workspace\freemarker-11-26\test-output D:\JAVA\eclipse\workspace\freemarker-11-26\conf\Freemarker.xml
java_class_path (initial): D:\JAVA\eclipse\configuration\org.eclipse.osgi\968\0\.cp\lib\testng-remote.jar;D:\JAVA\eclipse\workspace\freemarker-11-26\bin;D:\JAVA\eclipse\workspace\freemarker-11-26\libs\commons-collections4-4.2.jar;D:\JAVA\eclipse\workspace\freemarker-11-26\libs\commons-compress-1.18.jar;D:\JAVA\eclipse\workspace\freemarker-11-26\libs\freemarker.jar;D:\JAVA\eclipse\workspace\freemarker-11-26\libs\javax.mail.jar;D:\JAVA\eclipse\workspace\freemarker-11-26\libs\log4j-api-2.11.2.jar;D:\JAVA\eclipse\workspace\freemarker-11-26\libs\log4j-core-2.11.2.jar;D:\JAVA\eclipse\workspace\freemarker-11-26\libs\poi-4.1.0.jar;D:\JAVA\eclipse\workspace\freemarker-11-26\libs\poi-ooxml-4.1.0.jar;D:\JAVA\eclipse\workspace\freemarker-11-26\libs\poi-ooxml-schemas-4.1.0.jar;D:\JAVA\eclipse\workspace\freemarker-11-26\libs\selenium-server-standalone-3.141.59.jar;D:\JAVA\eclipse\workspace\freemarker-11-26\libs\xmlbeans-3.0.1.jar;D:\JAVA\eclipse\plugins\org.testng_6.14.2.r201802161450.jar;D:\JAVA\eclipse\plugins\com.beust.jcommander_1.72.0.jar;D:\JAVA\eclipse\plugins\org.apache-extras.beanshell.bsh_2.0.0.b6.jar;D:\JAVA\eclipse\plugins\org.yaml.snakeyaml_1.17.0.jar
Launcher Type: SUN_STANDARD

Environment Variables:
JAVA_HOME=D:\Documents\JAVA
PATH=D:/JAVA/bin/server;D:/JAVA/bin;D:/JAVA/lib/amd64;C:\ProgramData\Oracle\Java\javapath;C:\WINDOWS\system32;C:\WINDOWS;C:\WINDOWS\System32\Wbem;C:\WINDOWS\System32\WindowsPowerShell\v1.0\;D:\bin;D:\Git\cmd;C:\Program Files\Microsoft\Web Platform Installer\;C:\Program Files (x86)\Microsoft ASP.NET\ASP.NET Web Pages\v1.0\;C:\Program Files\Microsoft SQL Server\110\Tools\Binn\;C:\Program Files (x86)\Windows Kits\8.0\Windows Performance Toolkit\;C:\WINDOWS\System32\OpenSSH\;C:\Program Files (x86)\Microsoft SQL Server\100\Tools\Binn\;C:\Program Files\Microsoft SQL Server\100\Tools\Binn\;C:\Program Files\Microsoft SQL Server\100\DTS\Binn\;C:\Program Files (x86)\Microsoft SQL Server\100\Tools\Binn\VSShell\Common7\IDE\;C:\Program Files (x86)\Microsoft SQL Server\100\DTS\Binn\;C:\Program Files (x86)\Microsoft Visual Studio 9.0\Common7\IDE\PrivateAssemblies\;D:\JAVA\bin;D:\Documents\Downloads\apache-ant-1.10.5\bin;C:\Users\Administrator\AppData\Local\Programs\Python\Python35;C:\Users\Administrator\AppData\Local\Programs\Python\Python35\Scripts;E:\Nmap;C:\Users\Administrator\AppData\Local\Microsoft\WindowsApps;E:\pycharm\PyCharm Community Edition 2019.1.3\bin;E:\Fiddler;E:\li term3\apache-maven-3.6.1\bin;E:\Nmap;D:\JAVA\eclipse;
USERNAME=ÍõÍõÍõ£¡
OS=Windows_NT
PROCESSOR_IDENTIFIER=Intel64 Family 6 Model 78 Stepping 3, GenuineIntel



---------------  S Y S T E M  ---------------

OS: Windows 10.0 , 64 bit Build 17134 (10.0.17134.753)

CPU:total 4 (2 cores per cpu, 2 threads per core) family 6 model 78 stepping 3, cmov, cx8, fxsr, mmx, sse, sse2, sse3, ssse3, sse4.1, sse4.2, popcnt, avx, avx2, aes, clmul, erms, 3dnowpref, lzcnt, ht, tsc, tscinvbit, bmi1, bmi2, adx

Memory: 4k page, physical 3604576k(358940k free), swap 7798880k(1268k free)

vm_info: Java HotSpot(TM) 64-Bit Server VM (25.73-b02) for windows-amd64 JRE (1.8.0_73-b02), built on Jan 29 2016 17:38:49 by "java_re" with MS VC++ 10.0 (VS2010)

time: Tue Dec 17 10:04:57 2019
elapsed time: 224 seconds (0d 0h 3m 44s)

